
2026-02-23 12:17:43,680 - WARNING - logger_config - HTTPException 404 em DELETE /tarefas/1
2026-02-23 12:22:26,726 - WARNING - logger_config - HTTPException 404 em DELETE /tarefas/999
2026-02-24 10:50:23,780 - INFO - logger_config - GET / Status: 200 Tempo: 0.0413s
2026-02-24 10:50:23,850 - INFO - logger_config - GET /tarefas Status: 200 Tempo: 0.0135s
2026-02-24 10:50:36,581 - INFO - logger_config - A adicionar tarefa: dormir (PrioridadeEnum.media)
2026-02-24 10:50:36,589 - INFO - logger_config - Tarefa criada com sucesso
2026-02-24 10:50:36,591 - INFO - logger_config - POST /tarefas Status: 201 Tempo: 0.0128s
2026-02-24 10:50:36,596 - INFO - logger_config - GET /tarefas Status: 200 Tempo: 0.0020s
2026-02-24 10:50:46,719 - INFO - logger_config - A adicionar tarefa: escrever (PrioridadeEnum.alta)
2026-02-24 10:50:46,728 - INFO - logger_config - Tarefa criada com sucesso
2026-02-24 10:50:46,729 - INFO - logger_config - POST /tarefas Status: 201 Tempo: 0.0105s
2026-02-24 10:50:46,734 - INFO - logger_config - GET /tarefas Status: 200 Tempo: 0.0030s
2026-02-24 11:02:05,186 - INFO - logger_config - GET / Status: 200 Tempo: 0.0085s
2026-02-24 11:02:05,242 - ERROR - logger_config - Erro inesperado: 'list' object has no attribute 'estado' em GET /tarefas
2026-02-24 11:02:07,291 - INFO - logger_config - A adicionar tarefa:  (PrioridadeEnum.alta)
2026-02-24 11:02:07,300 - INFO - logger_config - Tarefa criada com sucesso
2026-02-24 11:02:07,300 - INFO - logger_config - POST /tarefas Status: 201 Tempo: 0.0124s
2026-02-24 11:02:07,305 - ERROR - logger_config - Erro inesperado: 'list' object has no attribute 'estado' em GET /tarefas
2026-02-24 11:02:47,283 - INFO - logger_config - GET / Status: 200 Tempo: 0.0055s
2026-02-24 11:02:47,333 - INFO - logger_config - GET /tarefas Status: 200 Tempo: 0.0025s
2026-06-10 13:57:39,946 - ERROR - logger_config - Erro inesperado: unhashable type: 'dict' em GET /
2026-06-10 13:57:51,975 - ERROR - logger_config - Erro inesperado: unhashable type: 'dict' em GET /
2026-06-10 13:59:42,586 - ERROR - logger_config - Erro inesperado: unhashable type: 'dict' em GET /
2026-06-10 14:04:42,726 - ERROR - logger_config - Erro inesperado: Jinja2Templates.TemplateResponse() missing 1 required positional argument: 'request' em GET /
2026-06-11 11:06:08,733 - ERROR - logger_config - Erro inesperado: unhashable type: 'dict' em GET /
2026-06-11 11:06:09,060 - ERROR - logger_config - Erro inesperado: unhashable type: 'dict' em GET /
2026-06-11 11:08:52,897 - ERROR - logger_config - Erro inesperado: 'dict' object has no attribute 'encode' em GET /
2026-06-11 11:10:05,257 - INFO - logger_config - GET / Status: 200 Tempo: 0.0020s
2026-06-11 11:13:36,008 - ERROR - logger_config - Erro inesperado: unhashable type: 'dict' em GET /
2026-06-15 11:35:28,354 - ERROR - logger_config - Erro inesperado: unhashable type: 'dict' em GET /
